# Logfile created on 2014-01-13 11:47:43 +0700 by logger.rb/36483
I, [2014-01-13T11:47:43.696390 #1537]  INFO -- : 0:  rake (10.1.1) from /Library/Ruby/Gems/2.0.0/specifications/rake-10.1.1.gemspec
I, [2014-01-13T11:47:43.696809 #1537]  INFO -- : 0:  i18n (0.6.9) from /Library/Ruby/Gems/2.0.0/specifications/i18n-0.6.9.gemspec
I, [2014-01-13T11:47:43.697111 #1537]  INFO -- : 0:  multi_json (1.8.4) from /Library/Ruby/Gems/2.0.0/specifications/multi_json-1.8.4.gemspec
I, [2014-01-13T11:47:43.697371 #1537]  INFO -- : 0:  activesupport (3.2.15) from /Library/Ruby/Gems/2.0.0/specifications/activesupport-3.2.15.gemspec
I, [2014-01-13T11:47:43.697619 #1537]  INFO -- : 0:  builder (3.0.4) from /Library/Ruby/Gems/2.0.0/specifications/builder-3.0.4.gemspec
I, [2014-01-13T11:47:43.697889 #1537]  INFO -- : 0:  activemodel (3.2.15) from /Library/Ruby/Gems/2.0.0/specifications/activemodel-3.2.15.gemspec
I, [2014-01-13T11:47:43.698138 #1537]  INFO -- : 0:  erubis (2.7.0) from /Library/Ruby/Gems/2.0.0/specifications/erubis-2.7.0.gemspec
I, [2014-01-13T11:47:43.698530 #1537]  INFO -- : 0:  journey (1.0.4) from /Library/Ruby/Gems/2.0.0/specifications/journey-1.0.4.gemspec
I, [2014-01-13T11:47:43.698864 #1537]  INFO -- : 0:  rack (1.4.5) from /Library/Ruby/Gems/2.0.0/specifications/rack-1.4.5.gemspec
I, [2014-01-13T11:47:43.699195 #1537]  INFO -- : 0:  rack-cache (1.2) from /Library/Ruby/Gems/2.0.0/specifications/rack-cache-1.2.gemspec
I, [2014-01-13T11:47:43.699516 #1537]  INFO -- : 0:  rack-test (0.6.2) from /Library/Ruby/Gems/2.0.0/specifications/rack-test-0.6.2.gemspec
I, [2014-01-13T11:47:43.699854 #1537]  INFO -- : 0:  hike (1.2.3) from /Library/Ruby/Gems/2.0.0/specifications/hike-1.2.3.gemspec
I, [2014-01-13T11:47:43.700170 #1537]  INFO -- : 0:  tilt (1.4.1) from /Library/Ruby/Gems/2.0.0/specifications/tilt-1.4.1.gemspec
I, [2014-01-13T11:47:43.700486 #1537]  INFO -- : 0:  sprockets (2.2.2) from /Library/Ruby/Gems/2.0.0/specifications/sprockets-2.2.2.gemspec
I, [2014-01-13T11:47:43.700799 #1537]  INFO -- : 0:  actionpack (3.2.15) from /Library/Ruby/Gems/2.0.0/specifications/actionpack-3.2.15.gemspec
I, [2014-01-13T11:47:43.701114 #1537]  INFO -- : 0:  mime-types (1.25.1) from /Library/Ruby/Gems/2.0.0/specifications/mime-types-1.25.1.gemspec
I, [2014-01-13T11:47:43.701432 #1537]  INFO -- : 0:  polyglot (0.3.3) from /Library/Ruby/Gems/2.0.0/specifications/polyglot-0.3.3.gemspec
I, [2014-01-13T11:47:43.701757 #1537]  INFO -- : 0:  treetop (1.4.15) from /Library/Ruby/Gems/2.0.0/specifications/treetop-1.4.15.gemspec
I, [2014-01-13T11:47:43.702069 #1537]  INFO -- : 0:  mail (2.5.4) from /Library/Ruby/Gems/2.0.0/specifications/mail-2.5.4.gemspec
I, [2014-01-13T11:47:43.702385 #1537]  INFO -- : 0:  actionmailer (3.2.15) from /Library/Ruby/Gems/2.0.0/specifications/actionmailer-3.2.15.gemspec
I, [2014-01-13T11:47:43.702698 #1537]  INFO -- : 0:  arel (3.0.3) from /Library/Ruby/Gems/2.0.0/specifications/arel-3.0.3.gemspec
I, [2014-01-13T11:47:43.703009 #1537]  INFO -- : 0:  tzinfo (0.3.38) from /Library/Ruby/Gems/2.0.0/specifications/tzinfo-0.3.38.gemspec
I, [2014-01-13T11:47:43.703325 #1537]  INFO -- : 0:  activerecord (3.2.15) from /Library/Ruby/Gems/2.0.0/specifications/activerecord-3.2.15.gemspec
I, [2014-01-13T11:47:43.703641 #1537]  INFO -- : 0:  activeresource (3.2.15) from /Library/Ruby/Gems/2.0.0/specifications/activeresource-3.2.15.gemspec
I, [2014-01-13T11:47:43.703971 #1537]  INFO -- : 0:  bundler (1.5.1) from /Library/Ruby/Gems/2.0.0/specifications/bundler-1.5.1.gemspec
I, [2014-01-13T11:47:43.704346 #1537]  INFO -- : 0:  coffee-script-source (1.6.3) from /Library/Ruby/Gems/2.0.0/specifications/coffee-script-source-1.6.3.gemspec
I, [2014-01-13T11:47:43.704674 #1537]  INFO -- : 0:  execjs (2.0.2) from /Library/Ruby/Gems/2.0.0/specifications/execjs-2.0.2.gemspec
I, [2014-01-13T11:47:43.704991 #1537]  INFO -- : 0:  coffee-script (2.2.0) from /Library/Ruby/Gems/2.0.0/specifications/coffee-script-2.2.0.gemspec
I, [2014-01-13T11:47:43.705312 #1537]  INFO -- : 0:  rack-ssl (1.3.3) from /Library/Ruby/Gems/2.0.0/specifications/rack-ssl-1.3.3.gemspec
I, [2014-01-13T11:47:43.705653 #1537]  INFO -- : 0:  json (1.8.1) from /Library/Ruby/Gems/2.0.0/specifications/json-1.8.1.gemspec
I, [2014-01-13T11:47:43.705974 #1537]  INFO -- : 0:  rdoc (3.12.2) from /Library/Ruby/Gems/2.0.0/specifications/rdoc-3.12.2.gemspec
I, [2014-01-13T11:47:43.706303 #1537]  INFO -- : 0:  thor (0.18.1) from /Library/Ruby/Gems/2.0.0/specifications/thor-0.18.1.gemspec
I, [2014-01-13T11:47:43.706660 #1537]  INFO -- : 0:  railties (3.2.15) from /Library/Ruby/Gems/2.0.0/specifications/railties-3.2.15.gemspec
I, [2014-01-13T11:47:43.706976 #1537]  INFO -- : 0:  coffee-rails (3.2.2) from /Library/Ruby/Gems/2.0.0/specifications/coffee-rails-3.2.2.gemspec
I, [2014-01-13T11:47:43.707292 #1537]  INFO -- : 0:  jquery-rails (3.0.4) from /Library/Ruby/Gems/2.0.0/specifications/jquery-rails-3.0.4.gemspec
I, [2014-01-13T11:47:43.707602 #1537]  INFO -- : 0:  rails (3.2.15) from /Library/Ruby/Gems/2.0.0/specifications/rails-3.2.15.gemspec
I, [2014-01-13T11:47:43.707925 #1537]  INFO -- : 0:  sass (3.2.13) from /Library/Ruby/Gems/2.0.0/specifications/sass-3.2.13.gemspec
I, [2014-01-13T11:47:43.708183 #1537]  INFO -- : 0:  sass-rails (3.2.6) from /Library/Ruby/Gems/2.0.0/specifications/sass-rails-3.2.6.gemspec
I, [2014-01-13T11:47:43.708433 #1537]  INFO -- : 0:  sqlite3 (1.3.8) from /Library/Ruby/Gems/2.0.0/specifications/sqlite3-1.3.8.gemspec
I, [2014-01-13T11:47:43.708671 #1537]  INFO -- : 0:  uglifier (2.4.0) from /Library/Ruby/Gems/2.0.0/specifications/uglifier-2.4.0.gemspec
I, [2014-01-13T11:52:06.588057 #1607]  INFO -- : 0:  rake (10.1.1) from /Library/Ruby/Gems/2.0.0/specifications/rake-10.1.1.gemspec
I, [2014-01-13T11:52:06.588672 #1607]  INFO -- : 0:  i18n (0.6.9) from /Library/Ruby/Gems/2.0.0/specifications/i18n-0.6.9.gemspec
I, [2014-01-13T11:52:06.589044 #1607]  INFO -- : 0:  multi_json (1.8.4) from /Library/Ruby/Gems/2.0.0/specifications/multi_json-1.8.4.gemspec
I, [2014-01-13T11:52:06.589345 #1607]  INFO -- : 0:  activesupport (3.2.15) from /Library/Ruby/Gems/2.0.0/specifications/activesupport-3.2.15.gemspec
I, [2014-01-13T11:52:06.589640 #1607]  INFO -- : 0:  builder (3.0.4) from /Library/Ruby/Gems/2.0.0/specifications/builder-3.0.4.gemspec
I, [2014-01-13T11:52:06.589926 #1607]  INFO -- : 0:  activemodel (3.2.15) from /Library/Ruby/Gems/2.0.0/specifications/activemodel-3.2.15.gemspec
I, [2014-01-13T11:52:06.590213 #1607]  INFO -- : 0:  erubis (2.7.0) from /Library/Ruby/Gems/2.0.0/specifications/erubis-2.7.0.gemspec
I, [2014-01-13T11:52:06.590498 #1607]  INFO -- : 0:  journey (1.0.4) from /Library/Ruby/Gems/2.0.0/specifications/journey-1.0.4.gemspec
I, [2014-01-13T11:52:06.590773 #1607]  INFO -- : 0:  rack (1.4.5) from /Library/Ruby/Gems/2.0.0/specifications/rack-1.4.5.gemspec
I, [2014-01-13T11:52:06.591055 #1607]  INFO -- : 0:  rack-cache (1.2) from /Library/Ruby/Gems/2.0.0/specifications/rack-cache-1.2.gemspec
I, [2014-01-13T11:52:06.591356 #1607]  INFO -- : 0:  rack-test (0.6.2) from /Library/Ruby/Gems/2.0.0/specifications/rack-test-0.6.2.gemspec
I, [2014-01-13T11:52:06.591638 #1607]  INFO -- : 0:  hike (1.2.3) from /Library/Ruby/Gems/2.0.0/specifications/hike-1.2.3.gemspec
I, [2014-01-13T11:52:06.591912 #1607]  INFO -- : 0:  tilt (1.4.1) from /Library/Ruby/Gems/2.0.0/specifications/tilt-1.4.1.gemspec
I, [2014-01-13T11:52:06.592202 #1607]  INFO -- : 0:  sprockets (2.2.2) from /Library/Ruby/Gems/2.0.0/specifications/sprockets-2.2.2.gemspec
I, [2014-01-13T11:52:06.592519 #1607]  INFO -- : 0:  actionpack (3.2.15) from /Library/Ruby/Gems/2.0.0/specifications/actionpack-3.2.15.gemspec
I, [2014-01-13T11:52:06.592822 #1607]  INFO -- : 0:  mime-types (1.25.1) from /Library/Ruby/Gems/2.0.0/specifications/mime-types-1.25.1.gemspec
I, [2014-01-13T11:52:06.593166 #1607]  INFO -- : 0:  polyglot (0.3.3) from /Library/Ruby/Gems/2.0.0/specifications/polyglot-0.3.3.gemspec
I, [2014-01-13T11:52:06.593460 #1607]  INFO -- : 0:  treetop (1.4.15) from /Library/Ruby/Gems/2.0.0/specifications/treetop-1.4.15.gemspec
I, [2014-01-13T11:52:06.593788 #1607]  INFO -- : 0:  mail (2.5.4) from /Library/Ruby/Gems/2.0.0/specifications/mail-2.5.4.gemspec
I, [2014-01-13T11:52:06.594116 #1607]  INFO -- : 0:  actionmailer (3.2.15) from /Library/Ruby/Gems/2.0.0/specifications/actionmailer-3.2.15.gemspec
I, [2014-01-13T11:52:06.594428 #1607]  INFO -- : 0:  arel (3.0.3) from /Library/Ruby/Gems/2.0.0/specifications/arel-3.0.3.gemspec
I, [2014-01-13T11:52:06.594700 #1607]  INFO -- : 0:  tzinfo (0.3.38) from /Library/Ruby/Gems/2.0.0/specifications/tzinfo-0.3.38.gemspec
I, [2014-01-13T11:52:06.595029 #1607]  INFO -- : 0:  activerecord (3.2.15) from /Library/Ruby/Gems/2.0.0/specifications/activerecord-3.2.15.gemspec
I, [2014-01-13T11:52:06.595343 #1607]  INFO -- : 0:  activeresource (3.2.15) from /Library/Ruby/Gems/2.0.0/specifications/activeresource-3.2.15.gemspec
I, [2014-01-13T11:52:06.595651 #1607]  INFO -- : 0:  coderay (1.1.0) from /Library/Ruby/Gems/2.0.0/specifications/coderay-1.1.0.gemspec
I, [2014-01-13T11:52:06.595936 #1607]  INFO -- : 0:  better_errors (1.1.0) from /Library/Ruby/Gems/2.0.0/specifications/better_errors-1.1.0.gemspec
I, [2014-01-13T11:52:06.596257 #1607]  INFO -- : 0:  debug_inspector (0.0.2) from /Library/Ruby/Gems/2.0.0/specifications/debug_inspector-0.0.2.gemspec
I, [2014-01-13T11:52:06.596545 #1607]  INFO -- : 0:  binding_of_caller (0.7.2) from /Library/Ruby/Gems/2.0.0/specifications/binding_of_caller-0.7.2.gemspec
I, [2014-01-13T11:52:06.596815 #1607]  INFO -- : 0:  bundler (1.5.1) from /Library/Ruby/Gems/2.0.0/specifications/bundler-1.5.1.gemspec
I, [2014-01-13T11:52:06.597088 #1607]  INFO -- : 0:  json (1.8.1) from /Library/Ruby/Gems/2.0.0/specifications/json-1.8.1.gemspec
I, [2014-01-13T11:52:06.597408 #1607]  INFO -- : 0:  carrierwave (0.9.0) from /Library/Ruby/Gems/2.0.0/specifications/carrierwave-0.9.0.gemspec
I, [2014-01-13T11:52:06.597687 #1607]  INFO -- : 0:  coffee-script-source (1.6.3) from /Library/Ruby/Gems/2.0.0/specifications/coffee-script-source-1.6.3.gemspec
I, [2014-01-13T11:52:06.598008 #1607]  INFO -- : 0:  execjs (2.0.2) from /Library/Ruby/Gems/2.0.0/specifications/execjs-2.0.2.gemspec
I, [2014-01-13T11:52:06.598283 #1607]  INFO -- : 0:  coffee-script (2.2.0) from /Library/Ruby/Gems/2.0.0/specifications/coffee-script-2.2.0.gemspec
I, [2014-01-13T11:52:06.598530 #1607]  INFO -- : 0:  rack-ssl (1.3.3) from /Library/Ruby/Gems/2.0.0/specifications/rack-ssl-1.3.3.gemspec
I, [2014-01-13T11:52:06.598831 #1607]  INFO -- : 0:  rdoc (3.12.2) from /Library/Ruby/Gems/2.0.0/specifications/rdoc-3.12.2.gemspec
I, [2014-01-13T11:52:06.599137 #1607]  INFO -- : 0:  thor (0.18.1) from /Library/Ruby/Gems/2.0.0/specifications/thor-0.18.1.gemspec
I, [2014-01-13T11:52:06.599427 #1607]  INFO -- : 0:  railties (3.2.15) from /Library/Ruby/Gems/2.0.0/specifications/railties-3.2.15.gemspec
I, [2014-01-13T11:52:06.599727 #1607]  INFO -- : 0:  coffee-rails (3.2.2) from /Library/Ruby/Gems/2.0.0/specifications/coffee-rails-3.2.2.gemspec
I, [2014-01-13T11:52:06.600021 #1607]  INFO -- : 0:  commonjs (0.2.7) from /Library/Ruby/Gems/2.0.0/specifications/commonjs-0.2.7.gemspec
I, [2014-01-13T11:52:06.600325 #1607]  INFO -- : 0:  jquery-rails (3.0.4) from /Library/Ruby/Gems/2.0.0/specifications/jquery-rails-3.0.4.gemspec
I, [2014-01-13T11:52:06.600617 #1607]  INFO -- : 0:  less (2.3.3) from /Library/Ruby/Gems/2.0.0/specifications/less-2.3.3.gemspec
I, [2014-01-13T11:52:06.600911 #1607]  INFO -- : 0:  less-rails (2.3.3) from /Library/Ruby/Gems/2.0.0/specifications/less-rails-2.3.3.gemspec
I, [2014-01-13T11:52:06.601207 #1607]  INFO -- : 0:  less-rails-bootstrap (2.3.3) from /Library/Ruby/Gems/2.0.0/specifications/less-rails-bootstrap-2.3.3.gemspec
I, [2014-01-13T11:52:06.601500 #1607]  INFO -- : 0:  less-rails-fontawesome (0.5.1) from /Library/Ruby/Gems/2.0.0/specifications/less-rails-fontawesome-0.5.1.gemspec
I, [2014-01-13T11:52:06.601807 #1607]  INFO -- : 0:  libv8 (3.16.14.3) from /Library/Ruby/Gems/2.0.0/specifications/libv8-3.16.14.3-x86_64-darwin-13.gemspec
I, [2014-01-13T11:52:06.602094 #1607]  INFO -- : 0:  method_source (0.8.2) from /Library/Ruby/Gems/2.0.0/specifications/method_source-0.8.2.gemspec
I, [2014-01-13T11:52:06.602408 #1607]  INFO -- : 0:  pg (0.17.1) from /Library/Ruby/Gems/2.0.0/specifications/pg-0.17.1.gemspec
I, [2014-01-13T11:52:06.603021 #1607]  INFO -- : 0:  slop (3.4.7) from /Library/Ruby/Gems/2.0.0/specifications/slop-3.4.7.gemspec
I, [2014-01-13T11:52:06.603540 #1607]  INFO -- : 0:  pry (0.9.12.4) from /Library/Ruby/Gems/2.0.0/specifications/pry-0.9.12.4.gemspec
I, [2014-01-13T11:52:06.603835 #1607]  INFO -- : 0:  rails (3.2.15) from /Library/Ruby/Gems/2.0.0/specifications/rails-3.2.15.gemspec
I, [2014-01-13T11:52:06.604091 #1607]  INFO -- : 0:  ref (1.0.5) from /Library/Ruby/Gems/2.0.0/specifications/ref-1.0.5.gemspec
I, [2014-01-13T11:52:06.604405 #1607]  INFO -- : 0:  sass (3.2.13) from /Library/Ruby/Gems/2.0.0/specifications/sass-3.2.13.gemspec
I, [2014-01-13T11:52:06.604738 #1607]  INFO -- : 0:  sass-rails (3.2.6) from /Library/Ruby/Gems/2.0.0/specifications/sass-rails-3.2.6.gemspec
I, [2014-01-13T11:52:06.605069 #1607]  INFO -- : 0:  therubyracer (0.12.0) from /Library/Ruby/Gems/2.0.0/specifications/therubyracer-0.12.0.gemspec
I, [2014-01-13T11:52:06.605409 #1607]  INFO -- : 0:  uglifier (2.4.0) from /Library/Ruby/Gems/2.0.0/specifications/uglifier-2.4.0.gemspec
I, [2014-01-13T11:54:47.785083 #1691]  INFO -- : 0:  rake (10.1.1) from /Library/Ruby/Gems/2.0.0/specifications/rake-10.1.1.gemspec
I, [2014-01-13T11:54:47.785705 #1691]  INFO -- : 0:  i18n (0.6.9) from /Library/Ruby/Gems/2.0.0/specifications/i18n-0.6.9.gemspec
I, [2014-01-13T11:54:47.786010 #1691]  INFO -- : 0:  multi_json (1.8.4) from /Library/Ruby/Gems/2.0.0/specifications/multi_json-1.8.4.gemspec
I, [2014-01-13T11:54:47.786323 #1691]  INFO -- : 0:  activesupport (3.2.15) from /Library/Ruby/Gems/2.0.0/specifications/activesupport-3.2.15.gemspec
I, [2014-01-13T11:54:47.786715 #1691]  INFO -- : 0:  builder (3.0.4) from /Library/Ruby/Gems/2.0.0/specifications/builder-3.0.4.gemspec
I, [2014-01-13T11:54:47.787058 #1691]  INFO -- : 0:  activemodel (3.2.15) from /Library/Ruby/Gems/2.0.0/specifications/activemodel-3.2.15.gemspec
I, [2014-01-13T11:54:47.787497 #1691]  INFO -- : 0:  erubis (2.7.0) from /Library/Ruby/Gems/2.0.0/specifications/erubis-2.7.0.gemspec
I, [2014-01-13T11:54:47.788116 #1691]  INFO -- : 0:  journey (1.0.4) from /Library/Ruby/Gems/2.0.0/specifications/journey-1.0.4.gemspec
I, [2014-01-13T11:54:47.788720 #1691]  INFO -- : 0:  rack (1.4.5) from /Library/Ruby/Gems/2.0.0/specifications/rack-1.4.5.gemspec
I, [2014-01-13T11:54:47.789234 #1691]  INFO -- : 0:  rack-cache (1.2) from /Library/Ruby/Gems/2.0.0/specifications/rack-cache-1.2.gemspec
I, [2014-01-13T11:54:47.789738 #1691]  INFO -- : 0:  rack-test (0.6.2) from /Library/Ruby/Gems/2.0.0/specifications/rack-test-0.6.2.gemspec
I, [2014-01-13T11:54:47.790182 #1691]  INFO -- : 0:  hike (1.2.3) from /Library/Ruby/Gems/2.0.0/specifications/hike-1.2.3.gemspec
I, [2014-01-13T11:54:47.790639 #1691]  INFO -- : 0:  tilt (1.4.1) from /Library/Ruby/Gems/2.0.0/specifications/tilt-1.4.1.gemspec
I, [2014-01-13T11:54:47.791127 #1691]  INFO -- : 0:  sprockets (2.2.2) from /Library/Ruby/Gems/2.0.0/specifications/sprockets-2.2.2.gemspec
I, [2014-01-13T11:54:47.791808 #1691]  INFO -- : 0:  actionpack (3.2.15) from /Library/Ruby/Gems/2.0.0/specifications/actionpack-3.2.15.gemspec
I, [2014-01-13T11:54:47.792368 #1691]  INFO -- : 0:  mime-types (1.25.1) from /Library/Ruby/Gems/2.0.0/specifications/mime-types-1.25.1.gemspec
I, [2014-01-13T11:54:47.792894 #1691]  INFO -- : 0:  polyglot (0.3.3) from /Library/Ruby/Gems/2.0.0/specifications/polyglot-0.3.3.gemspec
I, [2014-01-13T11:54:47.793508 #1691]  INFO -- : 0:  treetop (1.4.15) from /Library/Ruby/Gems/2.0.0/specifications/treetop-1.4.15.gemspec
I, [2014-01-13T11:54:47.794004 #1691]  INFO -- : 0:  mail (2.5.4) from /Library/Ruby/Gems/2.0.0/specifications/mail-2.5.4.gemspec
I, [2014-01-13T11:54:47.794423 #1691]  INFO -- : 0:  actionmailer (3.2.15) from /Library/Ruby/Gems/2.0.0/specifications/actionmailer-3.2.15.gemspec
I, [2014-01-13T11:54:47.794868 #1691]  INFO -- : 0:  arel (3.0.3) from /Library/Ruby/Gems/2.0.0/specifications/arel-3.0.3.gemspec
I, [2014-01-13T11:54:47.795136 #1691]  INFO -- : 0:  tzinfo (0.3.38) from /Library/Ruby/Gems/2.0.0/specifications/tzinfo-0.3.38.gemspec
I, [2014-01-13T11:54:47.795432 #1691]  INFO -- : 0:  activerecord (3.2.15) from /Library/Ruby/Gems/2.0.0/specifications/activerecord-3.2.15.gemspec
I, [2014-01-13T11:54:47.795731 #1691]  INFO -- : 0:  activeresource (3.2.15) from /Library/Ruby/Gems/2.0.0/specifications/activeresource-3.2.15.gemspec
I, [2014-01-13T11:54:47.796001 #1691]  INFO -- : 0:  coderay (1.1.0) from /Library/Ruby/Gems/2.0.0/specifications/coderay-1.1.0.gemspec
I, [2014-01-13T11:54:47.796238 #1691]  INFO -- : 0:  better_errors (1.1.0) from /Library/Ruby/Gems/2.0.0/specifications/better_errors-1.1.0.gemspec
I, [2014-01-13T11:54:47.796494 #1691]  INFO -- : 0:  debug_inspector (0.0.2) from /Library/Ruby/Gems/2.0.0/specifications/debug_inspector-0.0.2.gemspec
I, [2014-01-13T11:54:47.796744 #1691]  INFO -- : 0:  binding_of_caller (0.7.2) from /Library/Ruby/Gems/2.0.0/specifications/binding_of_caller-0.7.2.gemspec
I, [2014-01-13T11:54:47.796982 #1691]  INFO -- : 0:  bundler (1.5.1) from /Library/Ruby/Gems/2.0.0/specifications/bundler-1.5.1.gemspec
I, [2014-01-13T11:54:47.797257 #1691]  INFO -- : 0:  json (1.8.1) from /Library/Ruby/Gems/2.0.0/specifications/json-1.8.1.gemspec
I, [2014-01-13T11:54:47.797535 #1691]  INFO -- : 0:  carrierwave (0.9.0) from /Library/Ruby/Gems/2.0.0/specifications/carrierwave-0.9.0.gemspec
I, [2014-01-13T11:54:47.797822 #1691]  INFO -- : 0:  coffee-script-source (1.6.3) from /Library/Ruby/Gems/2.0.0/specifications/coffee-script-source-1.6.3.gemspec
I, [2014-01-13T11:54:47.798167 #1691]  INFO -- : 0:  execjs (2.0.2) from /Library/Ruby/Gems/2.0.0/specifications/execjs-2.0.2.gemspec
I, [2014-01-13T11:54:47.806669 #1691]  INFO -- : 0:  coffee-script (2.2.0) from /Library/Ruby/Gems/2.0.0/specifications/coffee-script-2.2.0.gemspec
I, [2014-01-13T11:54:47.807059 #1691]  INFO -- : 0:  rack-ssl (1.3.3) from /Library/Ruby/Gems/2.0.0/specifications/rack-ssl-1.3.3.gemspec
I, [2014-01-13T11:54:47.807326 #1691]  INFO -- : 0:  rdoc (3.12.2) from /Library/Ruby/Gems/2.0.0/specifications/rdoc-3.12.2.gemspec
I, [2014-01-13T11:54:47.807595 #1691]  INFO -- : 0:  thor (0.18.1) from /Library/Ruby/Gems/2.0.0/specifications/thor-0.18.1.gemspec
I, [2014-01-13T11:54:47.807863 #1691]  INFO -- : 0:  railties (3.2.15) from /Library/Ruby/Gems/2.0.0/specifications/railties-3.2.15.gemspec
I, [2014-01-13T11:54:47.808108 #1691]  INFO -- : 0:  coffee-rails (3.2.2) from /Library/Ruby/Gems/2.0.0/specifications/coffee-rails-3.2.2.gemspec
I, [2014-01-13T11:54:47.808355 #1691]  INFO -- : 0:  commonjs (0.2.7) from /Library/Ruby/Gems/2.0.0/specifications/commonjs-0.2.7.gemspec
I, [2014-01-13T11:54:47.808618 #1691]  INFO -- : 0:  jquery-rails (3.0.4) from /Library/Ruby/Gems/2.0.0/specifications/jquery-rails-3.0.4.gemspec
I, [2014-01-13T11:54:47.808868 #1691]  INFO -- : 0:  less (2.3.3) from /Library/Ruby/Gems/2.0.0/specifications/less-2.3.3.gemspec
I, [2014-01-13T11:54:47.809135 #1691]  INFO -- : 0:  less-rails (2.3.3) from /Library/Ruby/Gems/2.0.0/specifications/less-rails-2.3.3.gemspec
I, [2014-01-13T11:54:47.809379 #1691]  INFO -- : 0:  less-rails-bootstrap (2.3.3) from /Library/Ruby/Gems/2.0.0/specifications/less-rails-bootstrap-2.3.3.gemspec
I, [2014-01-13T11:54:47.809624 #1691]  INFO -- : 0:  less-rails-fontawesome (0.5.1) from /Library/Ruby/Gems/2.0.0/specifications/less-rails-fontawesome-0.5.1.gemspec
I, [2014-01-13T11:54:47.809890 #1691]  INFO -- : 0:  libv8 (3.16.14.3) from /Library/Ruby/Gems/2.0.0/specifications/libv8-3.16.14.3-x86_64-darwin-13.gemspec
I, [2014-01-13T11:54:47.810170 #1691]  INFO -- : 0:  method_source (0.8.2) from /Library/Ruby/Gems/2.0.0/specifications/method_source-0.8.2.gemspec
I, [2014-01-13T11:54:47.810408 #1691]  INFO -- : 0:  pg (0.17.1) from /Library/Ruby/Gems/2.0.0/specifications/pg-0.17.1.gemspec
I, [2014-01-13T11:54:47.810654 #1691]  INFO -- : 0:  slop (3.4.7) from /Library/Ruby/Gems/2.0.0/specifications/slop-3.4.7.gemspec
I, [2014-01-13T11:54:47.810901 #1691]  INFO -- : 0:  pry (0.9.12.4) from /Library/Ruby/Gems/2.0.0/specifications/pry-0.9.12.4.gemspec
I, [2014-01-13T11:54:47.811168 #1691]  INFO -- : 0:  rails (3.2.15) from /Library/Ruby/Gems/2.0.0/specifications/rails-3.2.15.gemspec
I, [2014-01-13T11:54:47.811431 #1691]  INFO -- : 0:  ref (1.0.5) from /Library/Ruby/Gems/2.0.0/specifications/ref-1.0.5.gemspec
I, [2014-01-13T11:54:47.811678 #1691]  INFO -- : 0:  sass (3.2.13) from /Library/Ruby/Gems/2.0.0/specifications/sass-3.2.13.gemspec
I, [2014-01-13T11:54:47.811926 #1691]  INFO -- : 0:  sass-rails (3.2.6) from /Library/Ruby/Gems/2.0.0/specifications/sass-rails-3.2.6.gemspec
I, [2014-01-13T11:54:47.812193 #1691]  INFO -- : 0:  therubyracer (0.12.0) from /Library/Ruby/Gems/2.0.0/specifications/therubyracer-0.12.0.gemspec
I, [2014-01-13T11:54:47.812435 #1691]  INFO -- : 0:  uglifier (2.4.0) from /Library/Ruby/Gems/2.0.0/specifications/uglifier-2.4.0.gemspec
I, [2014-01-13T11:56:57.540561 #1716]  INFO -- : 0:  rake (10.1.1) from /Library/Ruby/Gems/2.0.0/specifications/rake-10.1.1.gemspec
I, [2014-01-13T11:56:57.540925 #1716]  INFO -- : 0:  i18n (0.6.9) from /Library/Ruby/Gems/2.0.0/specifications/i18n-0.6.9.gemspec
I, [2014-01-13T11:56:57.541171 #1716]  INFO -- : 0:  multi_json (1.8.4) from /Library/Ruby/Gems/2.0.0/specifications/multi_json-1.8.4.gemspec
I, [2014-01-13T11:56:57.541402 #1716]  INFO -- : 0:  activesupport (3.2.15) from /Library/Ruby/Gems/2.0.0/specifications/activesupport-3.2.15.gemspec
I, [2014-01-13T11:56:57.541621 #1716]  INFO -- : 0:  builder (3.0.4) from /Library/Ruby/Gems/2.0.0/specifications/builder-3.0.4.gemspec
I, [2014-01-13T11:56:57.541828 #1716]  INFO -- : 0:  activemodel (3.2.15) from /Library/Ruby/Gems/2.0.0/specifications/activemodel-3.2.15.gemspec
I, [2014-01-13T11:56:57.542033 #1716]  INFO -- : 0:  erubis (2.7.0) from /Library/Ruby/Gems/2.0.0/specifications/erubis-2.7.0.gemspec
I, [2014-01-13T11:56:57.542238 #1716]  INFO -- : 0:  journey (1.0.4) from /Library/Ruby/Gems/2.0.0/specifications/journey-1.0.4.gemspec
I, [2014-01-13T11:56:57.542641 #1716]  INFO -- : 0:  rack (1.4.5) from /Library/Ruby/Gems/2.0.0/specifications/rack-1.4.5.gemspec
I, [2014-01-13T11:56:57.542845 #1716]  INFO -- : 0:  rack-cache (1.2) from /Library/Ruby/Gems/2.0.0/specifications/rack-cache-1.2.gemspec
I, [2014-01-13T11:56:57.543122 #1716]  INFO -- : 0:  rack-test (0.6.2) from /Library/Ruby/Gems/2.0.0/specifications/rack-test-0.6.2.gemspec
I, [2014-01-13T11:56:57.543624 #1716]  INFO -- : 0:  hike (1.2.3) from /Library/Ruby/Gems/2.0.0/specifications/hike-1.2.3.gemspec
I, [2014-01-13T11:56:57.544210 #1716]  INFO -- : 0:  tilt (1.4.1) from /Library/Ruby/Gems/2.0.0/specifications/tilt-1.4.1.gemspec
I, [2014-01-13T11:56:57.544816 #1716]  INFO -- : 0:  sprockets (2.2.2) from /Library/Ruby/Gems/2.0.0/specifications/sprockets-2.2.2.gemspec
I, [2014-01-13T11:56:57.545427 #1716]  INFO -- : 0:  actionpack (3.2.15) from /Library/Ruby/Gems/2.0.0/specifications/actionpack-3.2.15.gemspec
I, [2014-01-13T11:56:57.546036 #1716]  INFO -- : 0:  mime-types (1.25.1) from /Library/Ruby/Gems/2.0.0/specifications/mime-types-1.25.1.gemspec
I, [2014-01-13T11:56:57.546633 #1716]  INFO -- : 0:  polyglot (0.3.3) from /Library/Ruby/Gems/2.0.0/specifications/polyglot-0.3.3.gemspec
I, [2014-01-13T11:56:57.547025 #1716]  INFO -- : 0:  treetop (1.4.15) from /Library/Ruby/Gems/2.0.0/specifications/treetop-1.4.15.gemspec
I, [2014-01-13T11:56:57.547399 #1716]  INFO -- : 0:  mail (2.5.4) from /Library/Ruby/Gems/2.0.0/specifications/mail-2.5.4.gemspec
I, [2014-01-13T11:56:57.547824 #1716]  INFO -- : 0:  actionmailer (3.2.15) from /Library/Ruby/Gems/2.0.0/specifications/actionmailer-3.2.15.gemspec
I, [2014-01-13T11:56:57.548265 #1716]  INFO -- : 0:  arel (3.0.3) from /Library/Ruby/Gems/2.0.0/specifications/arel-3.0.3.gemspec
I, [2014-01-13T11:56:57.548704 #1716]  INFO -- : 0:  tzinfo (0.3.38) from /Library/Ruby/Gems/2.0.0/specifications/tzinfo-0.3.38.gemspec
I, [2014-01-13T11:56:57.549128 #1716]  INFO -- : 0:  activerecord (3.2.15) from /Library/Ruby/Gems/2.0.0/specifications/activerecord-3.2.15.gemspec
I, [2014-01-13T11:56:57.549555 #1716]  INFO -- : 0:  activeresource (3.2.15) from /Library/Ruby/Gems/2.0.0/specifications/activeresource-3.2.15.gemspec
I, [2014-01-13T11:56:57.550033 #1716]  INFO -- : 0:  coderay (1.1.0) from /Library/Ruby/Gems/2.0.0/specifications/coderay-1.1.0.gemspec
I, [2014-01-13T11:56:57.550366 #1716]  INFO -- : 0:  better_errors (1.1.0) from /Library/Ruby/Gems/2.0.0/specifications/better_errors-1.1.0.gemspec
I, [2014-01-13T11:56:57.550690 #1716]  INFO -- : 0:  debug_inspector (0.0.2) from /Library/Ruby/Gems/2.0.0/specifications/debug_inspector-0.0.2.gemspec
I, [2014-01-13T11:56:57.551012 #1716]  INFO -- : 0:  binding_of_caller (0.7.2) from /Library/Ruby/Gems/2.0.0/specifications/binding_of_caller-0.7.2.gemspec
I, [2014-01-13T11:56:57.551323 #1716]  INFO -- : 0:  bundler (1.5.1) from /Library/Ruby/Gems/2.0.0/specifications/bundler-1.5.1.gemspec
I, [2014-01-13T11:56:57.551641 #1716]  INFO -- : 0:  json (1.8.1) from /Library/Ruby/Gems/2.0.0/specifications/json-1.8.1.gemspec
I, [2014-01-13T11:56:57.551962 #1716]  INFO -- : 0:  carrierwave (0.9.0) from /Library/Ruby/Gems/2.0.0/specifications/carrierwave-0.9.0.gemspec
I, [2014-01-13T11:56:57.552285 #1716]  INFO -- : 0:  coffee-script-source (1.6.3) from /Library/Ruby/Gems/2.0.0/specifications/coffee-script-source-1.6.3.gemspec
I, [2014-01-13T11:56:57.552603 #1716]  INFO -- : 0:  execjs (2.0.2) from /Library/Ruby/Gems/2.0.0/specifications/execjs-2.0.2.gemspec
I, [2014-01-13T11:56:57.552928 #1716]  INFO -- : 0:  coffee-script (2.2.0) from /Library/Ruby/Gems/2.0.0/specifications/coffee-script-2.2.0.gemspec
I, [2014-01-13T11:56:57.553253 #1716]  INFO -- : 0:  rack-ssl (1.3.3) from /Library/Ruby/Gems/2.0.0/specifications/rack-ssl-1.3.3.gemspec
I, [2014-01-13T11:56:57.553667 #1716]  INFO -- : 0:  rdoc (3.12.2) from /Library/Ruby/Gems/2.0.0/specifications/rdoc-3.12.2.gemspec
I, [2014-01-13T11:56:57.554055 #1716]  INFO -- : 0:  thor (0.18.1) from /Library/Ruby/Gems/2.0.0/specifications/thor-0.18.1.gemspec
I, [2014-01-13T11:56:57.554436 #1716]  INFO -- : 0:  railties (3.2.15) from /Library/Ruby/Gems/2.0.0/specifications/railties-3.2.15.gemspec
I, [2014-01-13T11:56:57.554783 #1716]  INFO -- : 0:  coffee-rails (3.2.2) from /Library/Ruby/Gems/2.0.0/specifications/coffee-rails-3.2.2.gemspec
I, [2014-01-13T11:56:57.554999 #1716]  INFO -- : 0:  commonjs (0.2.7) from /Library/Ruby/Gems/2.0.0/specifications/commonjs-0.2.7.gemspec
I, [2014-01-13T11:56:57.555332 #1716]  INFO -- : 0:  jquery-rails (3.0.4) from /Library/Ruby/Gems/2.0.0/specifications/jquery-rails-3.0.4.gemspec
I, [2014-01-13T11:56:57.555625 #1716]  INFO -- : 0:  less (2.4.0) from /Library/Ruby/Gems/2.0.0/specifications/less-2.4.0.gemspec
I, [2014-01-13T11:56:57.555907 #1716]  INFO -- : 0:  less-rails (2.4.2) from /Library/Ruby/Gems/2.0.0/specifications/less-rails-2.4.2.gemspec
I, [2014-01-13T11:56:57.556186 #1716]  INFO -- : 0:  less-rails-bootstrap (3.0.6) from /Library/Ruby/Gems/2.0.0/specifications/less-rails-bootstrap-3.0.6.gemspec
I, [2014-01-13T11:56:57.556464 #1716]  INFO -- : 0:  less-rails-fontawesome (0.8.0) from /Library/Ruby/Gems/2.0.0/specifications/less-rails-fontawesome-0.8.0.gemspec
I, [2014-01-13T11:56:57.556765 #1716]  INFO -- : 0:  libv8 (3.16.14.3) from /Library/Ruby/Gems/2.0.0/specifications/libv8-3.16.14.3-x86_64-darwin-13.gemspec
I, [2014-01-13T11:56:57.557037 #1716]  INFO -- : 0:  method_source (0.8.2) from /Library/Ruby/Gems/2.0.0/specifications/method_source-0.8.2.gemspec
I, [2014-01-13T11:56:57.557307 #1716]  INFO -- : 0:  pg (0.17.1) from /Library/Ruby/Gems/2.0.0/specifications/pg-0.17.1.gemspec
I, [2014-01-13T11:56:57.557591 #1716]  INFO -- : 0:  slop (3.4.7) from /Library/Ruby/Gems/2.0.0/specifications/slop-3.4.7.gemspec
I, [2014-01-13T11:56:57.557853 #1716]  INFO -- : 0:  pry (0.9.12.4) from /Library/Ruby/Gems/2.0.0/specifications/pry-0.9.12.4.gemspec
I, [2014-01-13T11:56:57.558116 #1716]  INFO -- : 0:  rails (3.2.15) from /Library/Ruby/Gems/2.0.0/specifications/rails-3.2.15.gemspec
I, [2014-01-13T11:56:57.558349 #1716]  INFO -- : 0:  ref (1.0.5) from /Library/Ruby/Gems/2.0.0/specifications/ref-1.0.5.gemspec
I, [2014-01-13T11:56:57.558580 #1716]  INFO -- : 0:  sass (3.2.13) from /Library/Ruby/Gems/2.0.0/specifications/sass-3.2.13.gemspec
I, [2014-01-13T11:56:57.558831 #1716]  INFO -- : 0:  sass-rails (3.2.6) from /Library/Ruby/Gems/2.0.0/specifications/sass-rails-3.2.6.gemspec
I, [2014-01-13T11:56:57.559064 #1716]  INFO -- : 0:  therubyracer (0.12.0) from /Library/Ruby/Gems/2.0.0/specifications/therubyracer-0.12.0.gemspec
I, [2014-01-13T11:56:57.559296 #1716]  INFO -- : 0:  uglifier (2.4.0) from /Library/Ruby/Gems/2.0.0/specifications/uglifier-2.4.0.gemspec
I, [2014-01-13T12:08:02.644243 #1895]  INFO -- : 0:  rake (10.1.1) from /Library/Ruby/Gems/2.0.0/specifications/rake-10.1.1.gemspec
I, [2014-01-13T12:08:02.644800 #1895]  INFO -- : 0:  i18n (0.6.9) from /Library/Ruby/Gems/2.0.0/specifications/i18n-0.6.9.gemspec
I, [2014-01-13T12:08:02.645108 #1895]  INFO -- : 0:  multi_json (1.8.4) from /Library/Ruby/Gems/2.0.0/specifications/multi_json-1.8.4.gemspec
I, [2014-01-13T12:08:02.645415 #1895]  INFO -- : 0:  activesupport (3.2.15) from /Library/Ruby/Gems/2.0.0/specifications/activesupport-3.2.15.gemspec
I, [2014-01-13T12:08:02.645685 #1895]  INFO -- : 0:  builder (3.0.4) from /Library/Ruby/Gems/2.0.0/specifications/builder-3.0.4.gemspec
I, [2014-01-13T12:08:02.645969 #1895]  INFO -- : 0:  activemodel (3.2.15) from /Library/Ruby/Gems/2.0.0/specifications/activemodel-3.2.15.gemspec
I, [2014-01-13T12:08:02.646240 #1895]  INFO -- : 0:  erubis (2.7.0) from /Library/Ruby/Gems/2.0.0/specifications/erubis-2.7.0.gemspec
I, [2014-01-13T12:08:02.646514 #1895]  INFO -- : 0:  journey (1.0.4) from /Library/Ruby/Gems/2.0.0/specifications/journey-1.0.4.gemspec
I, [2014-01-13T12:08:02.646808 #1895]  INFO -- : 0:  rack (1.4.5) from /Library/Ruby/Gems/2.0.0/specifications/rack-1.4.5.gemspec
I, [2014-01-13T12:08:02.647090 #1895]  INFO -- : 0:  rack-cache (1.2) from /Library/Ruby/Gems/2.0.0/specifications/rack-cache-1.2.gemspec
I, [2014-01-13T12:08:02.647402 #1895]  INFO -- : 0:  rack-test (0.6.2) from /Library/Ruby/Gems/2.0.0/specifications/rack-test-0.6.2.gemspec
I, [2014-01-13T12:08:02.647676 #1895]  INFO -- : 0:  hike (1.2.3) from /Library/Ruby/Gems/2.0.0/specifications/hike-1.2.3.gemspec
I, [2014-01-13T12:08:02.647916 #1895]  INFO -- : 0:  tilt (1.4.1) from /Library/Ruby/Gems/2.0.0/specifications/tilt-1.4.1.gemspec
I, [2014-01-13T12:08:02.648181 #1895]  INFO -- : 0:  sprockets (2.2.2) from /Library/Ruby/Gems/2.0.0/specifications/sprockets-2.2.2.gemspec
I, [2014-01-13T12:08:02.648418 #1895]  INFO -- : 0:  actionpack (3.2.15) from /Library/Ruby/Gems/2.0.0/specifications/actionpack-3.2.15.gemspec
I, [2014-01-13T12:08:02.648669 #1895]  INFO -- : 0:  mime-types (1.25.1) from /Library/Ruby/Gems/2.0.0/specifications/mime-types-1.25.1.gemspec
I, [2014-01-13T12:08:02.648922 #1895]  INFO -- : 0:  polyglot (0.3.3) from /Library/Ruby/Gems/2.0.0/specifications/polyglot-0.3.3.gemspec
I, [2014-01-13T12:08:02.649177 #1895]  INFO -- : 0:  treetop (1.4.15) from /Library/Ruby/Gems/2.0.0/specifications/treetop-1.4.15.gemspec
I, [2014-01-13T12:08:02.649436 #1895]  INFO -- : 0:  mail (2.5.4) from /Library/Ruby/Gems/2.0.0/specifications/mail-2.5.4.gemspec
I, [2014-01-13T12:08:02.649690 #1895]  INFO -- : 0:  actionmailer (3.2.15) from /Library/Ruby/Gems/2.0.0/specifications/actionmailer-3.2.15.gemspec
I, [2014-01-13T12:08:02.649952 #1895]  INFO -- : 0:  arel (3.0.3) from /Library/Ruby/Gems/2.0.0/specifications/arel-3.0.3.gemspec
I, [2014-01-13T12:08:02.650241 #1895]  INFO -- : 0:  tzinfo (0.3.38) from /Library/Ruby/Gems/2.0.0/specifications/tzinfo-0.3.38.gemspec
I, [2014-01-13T12:08:02.650550 #1895]  INFO -- : 0:  activerecord (3.2.15) from /Library/Ruby/Gems/2.0.0/specifications/activerecord-3.2.15.gemspec
I, [2014-01-13T12:08:02.651029 #1895]  INFO -- : 0:  activeresource (3.2.15) from /Library/Ruby/Gems/2.0.0/specifications/activeresource-3.2.15.gemspec
I, [2014-01-13T12:08:02.651550 #1895]  INFO -- : 0:  coderay (1.1.0) from /Library/Ruby/Gems/2.0.0/specifications/coderay-1.1.0.gemspec
I, [2014-01-13T12:08:02.652024 #1895]  INFO -- : 0:  better_errors (1.1.0) from /Library/Ruby/Gems/2.0.0/specifications/better_errors-1.1.0.gemspec
I, [2014-01-13T12:08:02.652367 #1895]  INFO -- : 0:  debug_inspector (0.0.2) from /Library/Ruby/Gems/2.0.0/specifications/debug_inspector-0.0.2.gemspec
I, [2014-01-13T12:08:02.652657 #1895]  INFO -- : 0:  binding_of_caller (0.7.2) from /Library/Ruby/Gems/2.0.0/specifications/binding_of_caller-0.7.2.gemspec
I, [2014-01-13T12:08:02.652954 #1895]  INFO -- : 0:  sass (3.2.13) from /Library/Ruby/Gems/2.0.0/specifications/sass-3.2.13.gemspec
I, [2014-01-13T12:08:02.653252 #1895]  INFO -- : 0:  bootstrap-sass (2.3.2.2) from /Library/Ruby/Gems/2.0.0/specifications/bootstrap-sass-2.3.2.2.gemspec
I, [2014-01-13T12:08:02.653501 #1895]  INFO -- : 0:  bundler (1.5.1) from /Library/Ruby/Gems/2.0.0/specifications/bundler-1.5.1.gemspec
I, [2014-01-13T12:08:02.653789 #1895]  INFO -- : 0:  json (1.8.1) from /Library/Ruby/Gems/2.0.0/specifications/json-1.8.1.gemspec
I, [2014-01-13T12:08:02.654073 #1895]  INFO -- : 0:  carrierwave (0.9.0) from /Library/Ruby/Gems/2.0.0/specifications/carrierwave-0.9.0.gemspec
I, [2014-01-13T12:08:02.654360 #1895]  INFO -- : 0:  coffee-script-source (1.6.3) from /Library/Ruby/Gems/2.0.0/specifications/coffee-script-source-1.6.3.gemspec
I, [2014-01-13T12:08:02.654677 #1895]  INFO -- : 0:  execjs (2.0.2) from /Library/Ruby/Gems/2.0.0/specifications/execjs-2.0.2.gemspec
I, [2014-01-13T12:08:02.654965 #1895]  INFO -- : 0:  coffee-script (2.2.0) from /Library/Ruby/Gems/2.0.0/specifications/coffee-script-2.2.0.gemspec
I, [2014-01-13T12:08:02.655251 #1895]  INFO -- : 0:  rack-ssl (1.3.3) from /Library/Ruby/Gems/2.0.0/specifications/rack-ssl-1.3.3.gemspec
I, [2014-01-13T12:08:02.655550 #1895]  INFO -- : 0:  rdoc (3.12.2) from /Library/Ruby/Gems/2.0.0/specifications/rdoc-3.12.2.gemspec
I, [2014-01-13T12:08:02.665875 #1895]  INFO -- : 0:  thor (0.18.1) from /Library/Ruby/Gems/2.0.0/specifications/thor-0.18.1.gemspec
I, [2014-01-13T12:08:02.666310 #1895]  INFO -- : 0:  railties (3.2.15) from /Library/Ruby/Gems/2.0.0/specifications/railties-3.2.15.gemspec
I, [2014-01-13T12:08:02.666593 #1895]  INFO -- : 0:  coffee-rails (3.2.2) from /Library/Ruby/Gems/2.0.0/specifications/coffee-rails-3.2.2.gemspec
I, [2014-01-13T12:08:02.666846 #1895]  INFO -- : 0:  commonjs (0.2.7) from /Library/Ruby/Gems/2.0.0/specifications/commonjs-0.2.7.gemspec
I, [2014-01-13T12:08:02.667220 #1895]  INFO -- : 0:  jquery-rails (3.0.4) from /Library/Ruby/Gems/2.0.0/specifications/jquery-rails-3.0.4.gemspec
I, [2014-01-13T12:08:02.667506 #1895]  INFO -- : 0:  less (2.4.0) from /Library/Ruby/Gems/2.0.0/specifications/less-2.4.0.gemspec
I, [2014-01-13T12:08:02.667777 #1895]  INFO -- : 0:  less-rails (2.4.2) from /Library/Ruby/Gems/2.0.0/specifications/less-rails-2.4.2.gemspec
I, [2014-01-13T12:08:02.668035 #1895]  INFO -- : 0:  less-rails-fontawesome (0.8.0) from /Library/Ruby/Gems/2.0.0/specifications/less-rails-fontawesome-0.8.0.gemspec
I, [2014-01-13T12:08:02.668343 #1895]  INFO -- : 0:  libv8 (3.16.14.3) from /Library/Ruby/Gems/2.0.0/specifications/libv8-3.16.14.3-x86_64-darwin-13.gemspec
I, [2014-01-13T12:08:02.668649 #1895]  INFO -- : 0:  method_source (0.8.2) from /Library/Ruby/Gems/2.0.0/specifications/method_source-0.8.2.gemspec
I, [2014-01-13T12:08:02.668907 #1895]  INFO -- : 0:  pg (0.17.1) from /Library/Ruby/Gems/2.0.0/specifications/pg-0.17.1.gemspec
I, [2014-01-13T12:08:02.669159 #1895]  INFO -- : 0:  slop (3.4.7) from /Library/Ruby/Gems/2.0.0/specifications/slop-3.4.7.gemspec
I, [2014-01-13T12:08:02.669407 #1895]  INFO -- : 0:  pry (0.9.12.4) from /Library/Ruby/Gems/2.0.0/specifications/pry-0.9.12.4.gemspec
I, [2014-01-13T12:08:02.669672 #1895]  INFO -- : 0:  rails (3.2.15) from /Library/Ruby/Gems/2.0.0/specifications/rails-3.2.15.gemspec
I, [2014-01-13T12:08:02.669886 #1895]  INFO -- : 0:  ref (1.0.5) from /Library/Ruby/Gems/2.0.0/specifications/ref-1.0.5.gemspec
I, [2014-01-13T12:08:02.670154 #1895]  INFO -- : 0:  sass-rails (3.2.6) from /Library/Ruby/Gems/2.0.0/specifications/sass-rails-3.2.6.gemspec
I, [2014-01-13T12:08:02.670400 #1895]  INFO -- : 0:  therubyracer (0.12.0) from /Library/Ruby/Gems/2.0.0/specifications/therubyracer-0.12.0.gemspec
I, [2014-01-13T12:08:02.670749 #1895]  INFO -- : 0:  uglifier (2.4.0) from /Library/Ruby/Gems/2.0.0/specifications/uglifier-2.4.0.gemspec
I, [2014-01-14T11:11:20.189226 #1741]  INFO -- : 0:  rake (10.1.1) from /Library/Ruby/Gems/2.0.0/specifications/rake-10.1.1.gemspec
I, [2014-01-14T11:11:20.191655 #1741]  INFO -- : 0:  i18n (0.6.9) from /Library/Ruby/Gems/2.0.0/specifications/i18n-0.6.9.gemspec
I, [2014-01-14T11:11:20.192040 #1741]  INFO -- : 0:  multi_json (1.8.4) from /Library/Ruby/Gems/2.0.0/specifications/multi_json-1.8.4.gemspec
I, [2014-01-14T11:11:20.192334 #1741]  INFO -- : 0:  activesupport (3.2.15) from /Library/Ruby/Gems/2.0.0/specifications/activesupport-3.2.15.gemspec
I, [2014-01-14T11:11:20.192616 #1741]  INFO -- : 0:  builder (3.0.4) from /Library/Ruby/Gems/2.0.0/specifications/builder-3.0.4.gemspec
I, [2014-01-14T11:11:20.192897 #1741]  INFO -- : 0:  activemodel (3.2.15) from /Library/Ruby/Gems/2.0.0/specifications/activemodel-3.2.15.gemspec
I, [2014-01-14T11:11:20.193176 #1741]  INFO -- : 0:  erubis (2.7.0) from /Library/Ruby/Gems/2.0.0/specifications/erubis-2.7.0.gemspec
I, [2014-01-14T11:11:20.193454 #1741]  INFO -- : 0:  journey (1.0.4) from /Library/Ruby/Gems/2.0.0/specifications/journey-1.0.4.gemspec
I, [2014-01-14T11:11:20.193728 #1741]  INFO -- : 0:  rack (1.4.5) from /Library/Ruby/Gems/2.0.0/specifications/rack-1.4.5.gemspec
I, [2014-01-14T11:11:20.194004 #1741]  INFO -- : 0:  rack-cache (1.2) from /Library/Ruby/Gems/2.0.0/specifications/rack-cache-1.2.gemspec
I, [2014-01-14T11:11:20.194280 #1741]  INFO -- : 0:  rack-test (0.6.2) from /Library/Ruby/Gems/2.0.0/specifications/rack-test-0.6.2.gemspec
I, [2014-01-14T11:11:20.194551 #1741]  INFO -- : 0:  hike (1.2.3) from /Library/Ruby/Gems/2.0.0/specifications/hike-1.2.3.gemspec
I, [2014-01-14T11:11:20.194819 #1741]  INFO -- : 0:  tilt (1.4.1) from /Library/Ruby/Gems/2.0.0/specifications/tilt-1.4.1.gemspec
I, [2014-01-14T11:11:20.195089 #1741]  INFO -- : 0:  sprockets (2.2.2) from /Library/Ruby/Gems/2.0.0/specifications/sprockets-2.2.2.gemspec
I, [2014-01-14T11:11:20.195361 #1741]  INFO -- : 0:  actionpack (3.2.15) from /Library/Ruby/Gems/2.0.0/specifications/actionpack-3.2.15.gemspec
I, [2014-01-14T11:11:20.195637 #1741]  INFO -- : 0:  mime-types (1.25.1) from /Library/Ruby/Gems/2.0.0/specifications/mime-types-1.25.1.gemspec
I, [2014-01-14T11:11:20.195905 #1741]  INFO -- : 0:  polyglot (0.3.3) from /Library/Ruby/Gems/2.0.0/specifications/polyglot-0.3.3.gemspec
I, [2014-01-14T11:11:20.196178 #1741]  INFO -- : 0:  treetop (1.4.15) from /Library/Ruby/Gems/2.0.0/specifications/treetop-1.4.15.gemspec
I, [2014-01-14T11:11:20.196449 #1741]  INFO -- : 0:  mail (2.5.4) from /Library/Ruby/Gems/2.0.0/specifications/mail-2.5.4.gemspec
I, [2014-01-14T11:11:20.196721 #1741]  INFO -- : 0:  actionmailer (3.2.15) from /Library/Ruby/Gems/2.0.0/specifications/actionmailer-3.2.15.gemspec
I, [2014-01-14T11:11:20.196993 #1741]  INFO -- : 0:  arel (3.0.3) from /Library/Ruby/Gems/2.0.0/specifications/arel-3.0.3.gemspec
I, [2014-01-14T11:11:20.197265 #1741]  INFO -- : 0:  tzinfo (0.3.38) from /Library/Ruby/Gems/2.0.0/specifications/tzinfo-0.3.38.gemspec
I, [2014-01-14T11:11:20.197535 #1741]  INFO -- : 0:  activerecord (3.2.15) from /Library/Ruby/Gems/2.0.0/specifications/activerecord-3.2.15.gemspec
I, [2014-01-14T11:11:20.197807 #1741]  INFO -- : 0:  activeresource (3.2.15) from /Library/Ruby/Gems/2.0.0/specifications/activeresource-3.2.15.gemspec
I, [2014-01-14T11:11:20.198084 #1741]  INFO -- : 0:  coderay (1.1.0) from /Library/Ruby/Gems/2.0.0/specifications/coderay-1.1.0.gemspec
I, [2014-01-14T11:11:20.198357 #1741]  INFO -- : 0:  better_errors (1.1.0) from /Library/Ruby/Gems/2.0.0/specifications/better_errors-1.1.0.gemspec
I, [2014-01-14T11:11:20.198630 #1741]  INFO -- : 0:  debug_inspector (0.0.2) from /Library/Ruby/Gems/2.0.0/specifications/debug_inspector-0.0.2.gemspec
I, [2014-01-14T11:11:20.198903 #1741]  INFO -- : 0:  binding_of_caller (0.7.2) from /Library/Ruby/Gems/2.0.0/specifications/binding_of_caller-0.7.2.gemspec
I, [2014-01-14T11:11:20.199173 #1741]  INFO -- : 0:  sass (3.2.13) from /Library/Ruby/Gems/2.0.0/specifications/sass-3.2.13.gemspec
I, [2014-01-14T11:11:20.199456 #1741]  INFO -- : 0:  bootstrap-sass (2.3.2.2) from /Library/Ruby/Gems/2.0.0/specifications/bootstrap-sass-2.3.2.2.gemspec
I, [2014-01-14T11:11:20.199703 #1741]  INFO -- : 0:  bundler (1.5.1) from /Library/Ruby/Gems/2.0.0/specifications/bundler-1.5.1.gemspec
I, [2014-01-14T11:11:20.199972 #1741]  INFO -- : 0:  json (1.8.1) from /Library/Ruby/Gems/2.0.0/specifications/json-1.8.1.gemspec
I, [2014-01-14T11:11:20.200238 #1741]  INFO -- : 0:  carrierwave (0.9.0) from /Library/Ruby/Gems/2.0.0/specifications/carrierwave-0.9.0.gemspec
I, [2014-01-14T11:11:20.200509 #1741]  INFO -- : 0:  coffee-script-source (1.6.3) from /Library/Ruby/Gems/2.0.0/specifications/coffee-script-source-1.6.3.gemspec
I, [2014-01-14T11:11:20.200778 #1741]  INFO -- : 0:  execjs (2.0.2) from /Library/Ruby/Gems/2.0.0/specifications/execjs-2.0.2.gemspec
I, [2014-01-14T11:11:20.201055 #1741]  INFO -- : 0:  coffee-script (2.2.0) from /Library/Ruby/Gems/2.0.0/specifications/coffee-script-2.2.0.gemspec
I, [2014-01-14T11:11:20.201325 #1741]  INFO -- : 0:  rack-ssl (1.3.3) from /Library/Ruby/Gems/2.0.0/specifications/rack-ssl-1.3.3.gemspec
I, [2014-01-14T11:11:20.201593 #1741]  INFO -- : 0:  rdoc (3.12.2) from /Library/Ruby/Gems/2.0.0/specifications/rdoc-3.12.2.gemspec
I, [2014-01-14T11:11:20.201876 #1741]  INFO -- : 0:  thor (0.18.1) from /Library/Ruby/Gems/2.0.0/specifications/thor-0.18.1.gemspec
I, [2014-01-14T11:11:20.202145 #1741]  INFO -- : 0:  railties (3.2.15) from /Library/Ruby/Gems/2.0.0/specifications/railties-3.2.15.gemspec
I, [2014-01-14T11:11:20.202416 #1741]  INFO -- : 0:  coffee-rails (3.2.2) from /Library/Ruby/Gems/2.0.0/specifications/coffee-rails-3.2.2.gemspec
I, [2014-01-14T11:11:20.202686 #1741]  INFO -- : 0:  commonjs (0.2.7) from /Library/Ruby/Gems/2.0.0/specifications/commonjs-0.2.7.gemspec
I, [2014-01-14T11:11:20.202963 #1741]  INFO -- : 0:  jquery-rails (3.0.4) from /Library/Ruby/Gems/2.0.0/specifications/jquery-rails-3.0.4.gemspec
I, [2014-01-14T11:11:20.203238 #1741]  INFO -- : 0:  less (2.4.0) from /Library/Ruby/Gems/2.0.0/specifications/less-2.4.0.gemspec
I, [2014-01-14T11:11:20.203511 #1741]  INFO -- : 0:  less-rails (2.4.2) from /Library/Ruby/Gems/2.0.0/specifications/less-rails-2.4.2.gemspec
I, [2014-01-14T11:11:20.203786 #1741]  INFO -- : 0:  less-rails-fontawesome (0.8.0) from /Library/Ruby/Gems/2.0.0/specifications/less-rails-fontawesome-0.8.0.gemspec
I, [2014-01-14T11:11:20.204076 #1741]  INFO -- : 0:  libv8 (3.16.14.3) from /Library/Ruby/Gems/2.0.0/specifications/libv8-3.16.14.3-x86_64-darwin-13.gemspec
I, [2014-01-14T11:11:20.204349 #1741]  INFO -- : 0:  method_source (0.8.2) from /Library/Ruby/Gems/2.0.0/specifications/method_source-0.8.2.gemspec
I, [2014-01-14T11:11:20.204621 #1741]  INFO -- : 0:  pg (0.17.1) from /Library/Ruby/Gems/2.0.0/specifications/pg-0.17.1.gemspec
I, [2014-01-14T11:11:20.204892 #1741]  INFO -- : 0:  slop (3.4.7) from /Library/Ruby/Gems/2.0.0/specifications/slop-3.4.7.gemspec
I, [2014-01-14T11:11:20.205161 #1741]  INFO -- : 0:  pry (0.9.12.4) from /Library/Ruby/Gems/2.0.0/specifications/pry-0.9.12.4.gemspec
I, [2014-01-14T11:11:20.205433 #1741]  INFO -- : 0:  rails (3.2.15) from /Library/Ruby/Gems/2.0.0/specifications/rails-3.2.15.gemspec
I, [2014-01-14T11:11:20.205703 #1741]  INFO -- : 0:  ref (1.0.5) from /Library/Ruby/Gems/2.0.0/specifications/ref-1.0.5.gemspec
I, [2014-01-14T11:11:20.205975 #1741]  INFO -- : 0:  sass-rails (3.2.6) from /Library/Ruby/Gems/2.0.0/specifications/sass-rails-3.2.6.gemspec
I, [2014-01-14T11:11:20.206253 #1741]  INFO -- : 0:  therubyracer (0.12.0) from /Library/Ruby/Gems/2.0.0/specifications/therubyracer-0.12.0.gemspec
I, [2014-01-14T11:11:20.206510 #1741]  INFO -- : 0:  uglifier (2.4.0) from /Library/Ruby/Gems/2.0.0/specifications/uglifier-2.4.0.gemspec
I, [2014-01-14T11:11:25.505518 #1741]  INFO -- : 0:  validates_email_format_of (1.5.3) from /Library/Ruby/Gems/2.0.0/specifications/validates_email_format_of-1.5.3.gemspec
I, [2014-01-14T17:13:20.895601 #5039]  INFO -- : 0:  rake (10.1.1) from /Library/Ruby/Gems/2.0.0/specifications/rake-10.1.1.gemspec
I, [2014-01-14T17:13:20.895977 #5039]  INFO -- : 0:  i18n (0.6.9) from /Library/Ruby/Gems/2.0.0/specifications/i18n-0.6.9.gemspec
I, [2014-01-14T17:13:20.896298 #5039]  INFO -- : 0:  multi_json (1.8.4) from /Library/Ruby/Gems/2.0.0/specifications/multi_json-1.8.4.gemspec
I, [2014-01-14T17:13:20.896597 #5039]  INFO -- : 0:  activesupport (3.2.15) from /Library/Ruby/Gems/2.0.0/specifications/activesupport-3.2.15.gemspec
I, [2014-01-14T17:13:20.896995 #5039]  INFO -- : 0:  builder (3.0.4) from /Library/Ruby/Gems/2.0.0/specifications/builder-3.0.4.gemspec
I, [2014-01-14T17:13:20.897269 #5039]  INFO -- : 0:  activemodel (3.2.15) from /Library/Ruby/Gems/2.0.0/specifications/activemodel-3.2.15.gemspec
I, [2014-01-14T17:13:20.897651 #5039]  INFO -- : 0:  erubis (2.7.0) from /Library/Ruby/Gems/2.0.0/specifications/erubis-2.7.0.gemspec
I, [2014-01-14T17:13:20.898012 #5039]  INFO -- : 0:  journey (1.0.4) from /Library/Ruby/Gems/2.0.0/specifications/journey-1.0.4.gemspec
I, [2014-01-14T17:13:20.898369 #5039]  INFO -- : 0:  rack (1.4.5) from /Library/Ruby/Gems/2.0.0/specifications/rack-1.4.5.gemspec
I, [2014-01-14T17:13:20.898604 #5039]  INFO -- : 0:  rack-cache (1.2) from /Library/Ruby/Gems/2.0.0/specifications/rack-cache-1.2.gemspec
I, [2014-01-14T17:13:20.898836 #5039]  INFO -- : 0:  rack-test (0.6.2) from /Library/Ruby/Gems/2.0.0/specifications/rack-test-0.6.2.gemspec
I, [2014-01-14T17:13:20.899064 #5039]  INFO -- : 0:  hike (1.2.3) from /Library/Ruby/Gems/2.0.0/specifications/hike-1.2.3.gemspec
I, [2014-01-14T17:13:20.899293 #5039]  INFO -- : 0:  tilt (1.4.1) from /Library/Ruby/Gems/2.0.0/specifications/tilt-1.4.1.gemspec
I, [2014-01-14T17:13:20.899522 #5039]  INFO -- : 0:  sprockets (2.2.2) from /Library/Ruby/Gems/2.0.0/specifications/sprockets-2.2.2.gemspec
I, [2014-01-14T17:13:20.899749 #5039]  INFO -- : 0:  actionpack (3.2.15) from /Library/Ruby/Gems/2.0.0/specifications/actionpack-3.2.15.gemspec
I, [2014-01-14T17:13:20.899977 #5039]  INFO -- : 0:  mime-types (1.25.1) from /Library/Ruby/Gems/2.0.0/specifications/mime-types-1.25.1.gemspec
I, [2014-01-14T17:13:20.900203 #5039]  INFO -- : 0:  polyglot (0.3.3) from /Library/Ruby/Gems/2.0.0/specifications/polyglot-0.3.3.gemspec
I, [2014-01-14T17:13:20.900430 #5039]  INFO -- : 0:  treetop (1.4.15) from /Library/Ruby/Gems/2.0.0/specifications/treetop-1.4.15.gemspec
I, [2014-01-14T17:13:20.900657 #5039]  INFO -- : 0:  mail (2.5.4) from /Library/Ruby/Gems/2.0.0/specifications/mail-2.5.4.gemspec
I, [2014-01-14T17:13:20.900885 #5039]  INFO -- : 0:  actionmailer (3.2.15) from /Library/Ruby/Gems/2.0.0/specifications/actionmailer-3.2.15.gemspec
I, [2014-01-14T17:13:20.901115 #5039]  INFO -- : 0:  arel (3.0.3) from /Library/Ruby/Gems/2.0.0/specifications/arel-3.0.3.gemspec
I, [2014-01-14T17:13:20.901341 #5039]  INFO -- : 0:  tzinfo (0.3.38) from /Library/Ruby/Gems/2.0.0/specifications/tzinfo-0.3.38.gemspec
I, [2014-01-14T17:13:20.901566 #5039]  INFO -- : 0:  activerecord (3.2.15) from /Library/Ruby/Gems/2.0.0/specifications/activerecord-3.2.15.gemspec
I, [2014-01-14T17:13:20.901791 #5039]  INFO -- : 0:  activeresource (3.2.15) from /Library/Ruby/Gems/2.0.0/specifications/activeresource-3.2.15.gemspec
I, [2014-01-14T17:13:20.902014 #5039]  INFO -- : 0:  coderay (1.1.0) from /Library/Ruby/Gems/2.0.0/specifications/coderay-1.1.0.gemspec
I, [2014-01-14T17:13:20.902236 #5039]  INFO -- : 0:  better_errors (1.1.0) from /Library/Ruby/Gems/2.0.0/specifications/better_errors-1.1.0.gemspec
I, [2014-01-14T17:13:20.902459 #5039]  INFO -- : 0:  debug_inspector (0.0.2) from /Library/Ruby/Gems/2.0.0/specifications/debug_inspector-0.0.2.gemspec
I, [2014-01-14T17:13:20.902688 #5039]  INFO -- : 0:  binding_of_caller (0.7.2) from /Library/Ruby/Gems/2.0.0/specifications/binding_of_caller-0.7.2.gemspec
I, [2014-01-14T17:13:20.902909 #5039]  INFO -- : 0:  sass (3.2.13) from /Library/Ruby/Gems/2.0.0/specifications/sass-3.2.13.gemspec
I, [2014-01-14T17:13:20.903132 #5039]  INFO -- : 0:  bootstrap-sass (2.3.2.2) from /Library/Ruby/Gems/2.0.0/specifications/bootstrap-sass-2.3.2.2.gemspec
I, [2014-01-14T17:13:20.903358 #5039]  INFO -- : 0:  bundler (1.5.1) from /Library/Ruby/Gems/2.0.0/specifications/bundler-1.5.1.gemspec
I, [2014-01-14T17:13:20.903580 #5039]  INFO -- : 0:  json (1.8.1) from /Library/Ruby/Gems/2.0.0/specifications/json-1.8.1.gemspec
I, [2014-01-14T17:13:20.903806 #5039]  INFO -- : 0:  carrierwave (0.9.0) from /Library/Ruby/Gems/2.0.0/specifications/carrierwave-0.9.0.gemspec
I, [2014-01-14T17:13:20.904032 #5039]  INFO -- : 0:  coffee-script-source (1.6.3) from /Library/Ruby/Gems/2.0.0/specifications/coffee-script-source-1.6.3.gemspec
I, [2014-01-14T17:13:20.904257 #5039]  INFO -- : 0:  execjs (2.0.2) from /Library/Ruby/Gems/2.0.0/specifications/execjs-2.0.2.gemspec
I, [2014-01-14T17:13:20.904478 #5039]  INFO -- : 0:  coffee-script (2.2.0) from /Library/Ruby/Gems/2.0.0/specifications/coffee-script-2.2.0.gemspec
I, [2014-01-14T17:13:20.904698 #5039]  INFO -- : 0:  rack-ssl (1.3.3) from /Library/Ruby/Gems/2.0.0/specifications/rack-ssl-1.3.3.gemspec
I, [2014-01-14T17:13:20.904921 #5039]  INFO -- : 0:  rdoc (3.12.2) from /Library/Ruby/Gems/2.0.0/specifications/rdoc-3.12.2.gemspec
I, [2014-01-14T17:13:20.905141 #5039]  INFO -- : 0:  thor (0.18.1) from /Library/Ruby/Gems/2.0.0/specifications/thor-0.18.1.gemspec
I, [2014-01-14T17:13:20.905362 #5039]  INFO -- : 0:  railties (3.2.15) from /Library/Ruby/Gems/2.0.0/specifications/railties-3.2.15.gemspec
I, [2014-01-14T17:13:20.905583 #5039]  INFO -- : 0:  coffee-rails (3.2.2) from /Library/Ruby/Gems/2.0.0/specifications/coffee-rails-3.2.2.gemspec
I, [2014-01-14T17:13:20.905862 #5039]  INFO -- : 0:  commonjs (0.2.7) from /Library/Ruby/Gems/2.0.0/specifications/commonjs-0.2.7.gemspec
I, [2014-01-14T17:13:20.906148 #5039]  INFO -- : 0:  jquery-rails (3.0.4) from /Library/Ruby/Gems/2.0.0/specifications/jquery-rails-3.0.4.gemspec
I, [2014-01-14T17:13:20.906377 #5039]  INFO -- : 0:  less (2.4.0) from /Library/Ruby/Gems/2.0.0/specifications/less-2.4.0.gemspec
I, [2014-01-14T17:13:20.906604 #5039]  INFO -- : 0:  less-rails (2.4.2) from /Library/Ruby/Gems/2.0.0/specifications/less-rails-2.4.2.gemspec
I, [2014-01-14T17:13:20.906836 #5039]  INFO -- : 0:  less-rails-fontawesome (0.8.0) from /Library/Ruby/Gems/2.0.0/specifications/less-rails-fontawesome-0.8.0.gemspec
I, [2014-01-14T17:13:20.907082 #5039]  INFO -- : 0:  libv8 (3.16.14.3) from /Library/Ruby/Gems/2.0.0/specifications/libv8-3.16.14.3-x86_64-darwin-13.gemspec
I, [2014-01-14T17:13:20.907312 #5039]  INFO -- : 0:  rails (3.2.15) from /Library/Ruby/Gems/2.0.0/specifications/rails-3.2.15.gemspec
I, [2014-01-14T17:13:26.305235 #5039]  INFO -- : 0:  masonry-rails (0.2.1) from /Library/Ruby/Gems/2.0.0/specifications/masonry-rails-0.2.1.gemspec
I, [2014-01-14T17:13:26.305980 #5039]  INFO -- : 0:  method_source (0.8.2) from /Library/Ruby/Gems/2.0.0/specifications/method_source-0.8.2.gemspec
I, [2014-01-14T17:13:26.306443 #5039]  INFO -- : 0:  pg (0.17.1) from /Library/Ruby/Gems/2.0.0/specifications/pg-0.17.1.gemspec
I, [2014-01-14T17:13:26.307001 #5039]  INFO -- : 0:  slop (3.4.7) from /Library/Ruby/Gems/2.0.0/specifications/slop-3.4.7.gemspec
I, [2014-01-14T17:13:26.307431 #5039]  INFO -- : 0:  pry (0.9.12.4) from /Library/Ruby/Gems/2.0.0/specifications/pry-0.9.12.4.gemspec
I, [2014-01-14T17:13:26.307840 #5039]  INFO -- : 0:  ref (1.0.5) from /Library/Ruby/Gems/2.0.0/specifications/ref-1.0.5.gemspec
I, [2014-01-14T17:13:26.308499 #5039]  INFO -- : 0:  sass-rails (3.2.6) from /Library/Ruby/Gems/2.0.0/specifications/sass-rails-3.2.6.gemspec
I, [2014-01-14T17:13:26.309031 #5039]  INFO -- : 0:  therubyracer (0.12.0) from /Library/Ruby/Gems/2.0.0/specifications/therubyracer-0.12.0.gemspec
I, [2014-01-14T17:13:26.309489 #5039]  INFO -- : 0:  uglifier (2.4.0) from /Library/Ruby/Gems/2.0.0/specifications/uglifier-2.4.0.gemspec
I, [2014-01-14T17:13:26.309920 #5039]  INFO -- : 0:  validates_email_format_of (1.5.3) from /Library/Ruby/Gems/2.0.0/specifications/validates_email_format_of-1.5.3.gemspec
I, [2014-01-14T18:10:27.461528 #5650]  INFO -- : 0:  rake (10.1.1) from /Library/Ruby/Gems/2.0.0/specifications/rake-10.1.1.gemspec
I, [2014-01-14T18:10:27.461923 #5650]  INFO -- : 0:  i18n (0.6.9) from /Library/Ruby/Gems/2.0.0/specifications/i18n-0.6.9.gemspec
I, [2014-01-14T18:10:27.462263 #5650]  INFO -- : 0:  multi_json (1.8.4) from /Library/Ruby/Gems/2.0.0/specifications/multi_json-1.8.4.gemspec
I, [2014-01-14T18:10:27.462583 #5650]  INFO -- : 0:  activesupport (3.2.15) from /Library/Ruby/Gems/2.0.0/specifications/activesupport-3.2.15.gemspec
I, [2014-01-14T18:10:27.462954 #5650]  INFO -- : 0:  builder (3.0.4) from /Library/Ruby/Gems/2.0.0/specifications/builder-3.0.4.gemspec
I, [2014-01-14T18:10:27.463554 #5650]  INFO -- : 0:  activemodel (3.2.15) from /Library/Ruby/Gems/2.0.0/specifications/activemodel-3.2.15.gemspec
I, [2014-01-14T18:10:27.464033 #5650]  INFO -- : 0:  erubis (2.7.0) from /Library/Ruby/Gems/2.0.0/specifications/erubis-2.7.0.gemspec
I, [2014-01-14T18:10:27.464537 #5650]  INFO -- : 0:  journey (1.0.4) from /Library/Ruby/Gems/2.0.0/specifications/journey-1.0.4.gemspec
I, [2014-01-14T18:10:27.465056 #5650]  INFO -- : 0:  rack (1.4.5) from /Library/Ruby/Gems/2.0.0/specifications/rack-1.4.5.gemspec
I, [2014-01-14T18:10:27.472257 #5650]  INFO -- : 0:  rack-cache (1.2) from /Library/Ruby/Gems/2.0.0/specifications/rack-cache-1.2.gemspec
I, [2014-01-14T18:10:27.472541 #5650]  INFO -- : 0:  rack-test (0.6.2) from /Library/Ruby/Gems/2.0.0/specifications/rack-test-0.6.2.gemspec
I, [2014-01-14T18:10:27.472817 #5650]  INFO -- : 0:  hike (1.2.3) from /Library/Ruby/Gems/2.0.0/specifications/hike-1.2.3.gemspec
I, [2014-01-14T18:10:27.473064 #5650]  INFO -- : 0:  tilt (1.4.1) from /Library/Ruby/Gems/2.0.0/specifications/tilt-1.4.1.gemspec
I, [2014-01-14T18:10:27.473303 #5650]  INFO -- : 0:  sprockets (2.2.2) from /Library/Ruby/Gems/2.0.0/specifications/sprockets-2.2.2.gemspec
I, [2014-01-14T18:10:27.473543 #5650]  INFO -- : 0:  actionpack (3.2.15) from /Library/Ruby/Gems/2.0.0/specifications/actionpack-3.2.15.gemspec
I, [2014-01-14T18:10:27.473799 #5650]  INFO -- : 0:  mime-types (1.25.1) from /Library/Ruby/Gems/2.0.0/specifications/mime-types-1.25.1.gemspec
I, [2014-01-14T18:10:27.474039 #5650]  INFO -- : 0:  polyglot (0.3.3) from /Library/Ruby/Gems/2.0.0/specifications/polyglot-0.3.3.gemspec
I, [2014-01-14T18:10:27.474270 #5650]  INFO -- : 0:  treetop (1.4.15) from /Library/Ruby/Gems/2.0.0/specifications/treetop-1.4.15.gemspec
I, [2014-01-14T18:10:27.474521 #5650]  INFO -- : 0:  mail (2.5.4) from /Library/Ruby/Gems/2.0.0/specifications/mail-2.5.4.gemspec
I, [2014-01-14T18:10:27.474755 #5650]  INFO -- : 0:  actionmailer (3.2.15) from /Library/Ruby/Gems/2.0.0/specifications/actionmailer-3.2.15.gemspec
I, [2014-01-14T18:10:27.474992 #5650]  INFO -- : 0:  arel (3.0.3) from /Library/Ruby/Gems/2.0.0/specifications/arel-3.0.3.gemspec
I, [2014-01-14T18:10:27.475249 #5650]  INFO -- : 0:  tzinfo (0.3.38) from /Library/Ruby/Gems/2.0.0/specifications/tzinfo-0.3.38.gemspec
I, [2014-01-14T18:10:27.475486 #5650]  INFO -- : 0:  activerecord (3.2.15) from /Library/Ruby/Gems/2.0.0/specifications/activerecord-3.2.15.gemspec
I, [2014-01-14T18:10:27.475721 #5650]  INFO -- : 0:  activeresource (3.2.15) from /Library/Ruby/Gems/2.0.0/specifications/activeresource-3.2.15.gemspec
I, [2014-01-14T18:10:27.475954 #5650]  INFO -- : 0:  coderay (1.1.0) from /Library/Ruby/Gems/2.0.0/specifications/coderay-1.1.0.gemspec
I, [2014-01-14T18:10:27.476193 #5650]  INFO -- : 0:  better_errors (1.1.0) from /Library/Ruby/Gems/2.0.0/specifications/better_errors-1.1.0.gemspec
I, [2014-01-14T18:10:27.476433 #5650]  INFO -- : 0:  debug_inspector (0.0.2) from /Library/Ruby/Gems/2.0.0/specifications/debug_inspector-0.0.2.gemspec
I, [2014-01-14T18:10:27.476690 #5650]  INFO -- : 0:  binding_of_caller (0.7.2) from /Library/Ruby/Gems/2.0.0/specifications/binding_of_caller-0.7.2.gemspec
I, [2014-01-14T18:10:27.476921 #5650]  INFO -- : 0:  sass (3.2.13) from /Library/Ruby/Gems/2.0.0/specifications/sass-3.2.13.gemspec
I, [2014-01-14T18:10:27.477153 #5650]  INFO -- : 0:  bootstrap-sass (2.3.2.2) from /Library/Ruby/Gems/2.0.0/specifications/bootstrap-sass-2.3.2.2.gemspec
I, [2014-01-14T18:10:27.477389 #5650]  INFO -- : 0:  bundler (1.5.1) from /Library/Ruby/Gems/2.0.0/specifications/bundler-1.5.1.gemspec
I, [2014-01-14T18:10:27.477647 #5650]  INFO -- : 0:  json (1.8.1) from /Library/Ruby/Gems/2.0.0/specifications/json-1.8.1.gemspec
I, [2014-01-14T18:10:27.477885 #5650]  INFO -- : 0:  carrierwave (0.9.0) from /Library/Ruby/Gems/2.0.0/specifications/carrierwave-0.9.0.gemspec
I, [2014-01-14T18:10:27.478137 #5650]  INFO -- : 0:  coffee-script-source (1.6.3) from /Library/Ruby/Gems/2.0.0/specifications/coffee-script-source-1.6.3.gemspec
I, [2014-01-14T18:10:27.478375 #5650]  INFO -- : 0:  execjs (2.0.2) from /Library/Ruby/Gems/2.0.0/specifications/execjs-2.0.2.gemspec
I, [2014-01-14T18:10:27.478613 #5650]  INFO -- : 0:  coffee-script (2.2.0) from /Library/Ruby/Gems/2.0.0/specifications/coffee-script-2.2.0.gemspec
I, [2014-01-14T18:10:27.478875 #5650]  INFO -- : 0:  rack-ssl (1.3.3) from /Library/Ruby/Gems/2.0.0/specifications/rack-ssl-1.3.3.gemspec
I, [2014-01-14T18:10:27.479115 #5650]  INFO -- : 0:  rdoc (3.12.2) from /Library/Ruby/Gems/2.0.0/specifications/rdoc-3.12.2.gemspec
I, [2014-01-14T18:10:27.479345 #5650]  INFO -- : 0:  thor (0.18.1) from /Library/Ruby/Gems/2.0.0/specifications/thor-0.18.1.gemspec
I, [2014-01-14T18:10:27.479583 #5650]  INFO -- : 0:  railties (3.2.15) from /Library/Ruby/Gems/2.0.0/specifications/railties-3.2.15.gemspec
I, [2014-01-14T18:10:27.479831 #5650]  INFO -- : 0:  coffee-rails (3.2.2) from /Library/Ruby/Gems/2.0.0/specifications/coffee-rails-3.2.2.gemspec
I, [2014-01-14T18:10:27.480085 #5650]  INFO -- : 0:  commonjs (0.2.7) from /Library/Ruby/Gems/2.0.0/specifications/commonjs-0.2.7.gemspec
I, [2014-01-14T18:10:27.480321 #5650]  INFO -- : 0:  jquery-rails (3.0.4) from /Library/Ruby/Gems/2.0.0/specifications/jquery-rails-3.0.4.gemspec
I, [2014-01-14T18:10:27.480560 #5650]  INFO -- : 0:  less (2.4.0) from /Library/Ruby/Gems/2.0.0/specifications/less-2.4.0.gemspec
I, [2014-01-14T18:10:27.480803 #5650]  INFO -- : 0:  less-rails (2.4.2) from /Library/Ruby/Gems/2.0.0/specifications/less-rails-2.4.2.gemspec
I, [2014-01-14T18:10:27.481060 #5650]  INFO -- : 0:  less-rails-fontawesome (0.8.0) from /Library/Ruby/Gems/2.0.0/specifications/less-rails-fontawesome-0.8.0.gemspec
I, [2014-01-14T18:10:27.481316 #5650]  INFO -- : 0:  libv8 (3.16.14.3) from /Library/Ruby/Gems/2.0.0/specifications/libv8-3.16.14.3-x86_64-darwin-13.gemspec
I, [2014-01-14T18:10:27.481549 #5650]  INFO -- : 0:  method_source (0.8.2) from /Library/Ruby/Gems/2.0.0/specifications/method_source-0.8.2.gemspec
I, [2014-01-14T18:10:27.481787 #5650]  INFO -- : 0:  pg (0.17.1) from /Library/Ruby/Gems/2.0.0/specifications/pg-0.17.1.gemspec
I, [2014-01-14T18:10:27.482019 #5650]  INFO -- : 0:  slop (3.4.7) from /Library/Ruby/Gems/2.0.0/specifications/slop-3.4.7.gemspec
I, [2014-01-14T18:10:27.482277 #5650]  INFO -- : 0:  pry (0.9.12.4) from /Library/Ruby/Gems/2.0.0/specifications/pry-0.9.12.4.gemspec
I, [2014-01-14T18:10:27.482507 #5650]  INFO -- : 0:  rails (3.2.15) from /Library/Ruby/Gems/2.0.0/specifications/rails-3.2.15.gemspec
I, [2014-01-14T18:10:27.482737 #5650]  INFO -- : 0:  ref (1.0.5) from /Library/Ruby/Gems/2.0.0/specifications/ref-1.0.5.gemspec
I, [2014-01-14T18:10:27.482978 #5650]  INFO -- : 0:  sass-rails (3.2.6) from /Library/Ruby/Gems/2.0.0/specifications/sass-rails-3.2.6.gemspec
I, [2014-01-14T18:10:27.483219 #5650]  INFO -- : 0:  therubyracer (0.12.0) from /Library/Ruby/Gems/2.0.0/specifications/therubyracer-0.12.0.gemspec
I, [2014-01-14T18:10:27.483479 #5650]  INFO -- : 0:  uglifier (2.4.0) from /Library/Ruby/Gems/2.0.0/specifications/uglifier-2.4.0.gemspec
I, [2014-01-14T18:10:27.483720 #5650]  INFO -- : 0:  validates_email_format_of (1.5.3) from /Library/Ruby/Gems/2.0.0/specifications/validates_email_format_of-1.5.3.gemspec
